

Started GET "/" for ::1 at 2016-11-17 14:10:38 -0500
  [1m[36mActiveRecord::SchemaMigration Load (0.8ms)[0m  [1mSELECT "schema_migrations".* FROM "schema_migrations"[0m

ActiveRecord::PendingMigrationError (

Migrations are pending. To resolve this issue, run:

	bin/rake db:migrate RAILS_ENV=development

):
  activerecord (4.2.3) lib/active_record/migration.rb:392:in `check_pending!'
  activerecord (4.2.3) lib/active_record/migration.rb:373:in `call'
  actionpack (4.2.3) lib/action_dispatch/middleware/callbacks.rb:29:in `block in call'
  activesupport (4.2.3) lib/active_support/callbacks.rb:84:in `run_callbacks'
  actionpack (4.2.3) lib/action_dispatch/middleware/callbacks.rb:27:in `call'
  actionpack (4.2.3) lib/action_dispatch/middleware/reloader.rb:73:in `call'
  actionpack (4.2.3) lib/action_dispatch/middleware/remote_ip.rb:78:in `call'
  actionpack (4.2.3) lib/action_dispatch/middleware/debug_exceptions.rb:17:in `call'
  web-console (2.2.1) lib/web_console/middleware.rb:39:in `call'
  actionpack (4.2.3) lib/action_dispatch/middleware/show_exceptions.rb:30:in `call'
  railties (4.2.3) lib/rails/rack/logger.rb:38:in `call_app'
  railties (4.2.3) lib/rails/rack/logger.rb:20:in `block in call'
  activesupport (4.2.3) lib/active_support/tagged_logging.rb:68:in `block in tagged'
  activesupport (4.2.3) lib/active_support/tagged_logging.rb:26:in `tagged'
  activesupport (4.2.3) lib/active_support/tagged_logging.rb:68:in `tagged'
  railties (4.2.3) lib/rails/rack/logger.rb:20:in `call'
  actionpack (4.2.3) lib/action_dispatch/middleware/request_id.rb:21:in `call'
  rack (1.6.4) lib/rack/methodoverride.rb:22:in `call'
  rack (1.6.4) lib/rack/runtime.rb:18:in `call'
  activesupport (4.2.3) lib/active_support/cache/strategy/local_cache_middleware.rb:28:in `call'
  rack (1.6.4) lib/rack/lock.rb:17:in `call'
  actionpack (4.2.3) lib/action_dispatch/middleware/static.rb:116:in `call'
  rack (1.6.4) lib/rack/sendfile.rb:113:in `call'
  railties (4.2.3) lib/rails/engine.rb:518:in `call'
  railties (4.2.3) lib/rails/application.rb:165:in `call'
  rack (1.6.4) lib/rack/lock.rb:17:in `call'
  rack (1.6.4) lib/rack/content_length.rb:15:in `call'
  rack (1.6.4) lib/rack/handler/webrick.rb:88:in `service'
  /Users/Aidy/.rvm/rubies/ruby-2.3.0/lib/ruby/2.3.0/webrick/httpserver.rb:140:in `service'
  /Users/Aidy/.rvm/rubies/ruby-2.3.0/lib/ruby/2.3.0/webrick/httpserver.rb:96:in `run'
  /Users/Aidy/.rvm/rubies/ruby-2.3.0/lib/ruby/2.3.0/webrick/server.rb:296:in `block in start_thread'


  Rendered /Users/Aidy/.rvm/gems/ruby-2.3.0/gems/actionpack-4.2.3/lib/action_dispatch/middleware/templates/rescues/_source.erb (1.8ms)
  Rendered /Users/Aidy/.rvm/gems/ruby-2.3.0/gems/actionpack-4.2.3/lib/action_dispatch/middleware/templates/rescues/_trace.html.erb (2.0ms)
  Rendered /Users/Aidy/.rvm/gems/ruby-2.3.0/gems/actionpack-4.2.3/lib/action_dispatch/middleware/templates/rescues/_request_and_response.html.erb (0.8ms)
  Rendered /Users/Aidy/.rvm/gems/ruby-2.3.0/gems/actionpack-4.2.3/lib/action_dispatch/middleware/templates/rescues/diagnostics.html.erb within rescues/layout (68.0ms)
  Rendered /Users/Aidy/.rvm/gems/ruby-2.3.0/gems/web-console-2.2.1/lib/web_console/templates/_markup.html.erb (0.6ms)
  Rendered /Users/Aidy/.rvm/gems/ruby-2.3.0/gems/web-console-2.2.1/lib/web_console/templates/_inner_console_markup.html.erb within layouts/inlined_string (0.6ms)
  Rendered /Users/Aidy/.rvm/gems/ruby-2.3.0/gems/web-console-2.2.1/lib/web_console/templates/_prompt_box_markup.html.erb within layouts/inlined_string (0.3ms)
  Rendered /Users/Aidy/.rvm/gems/ruby-2.3.0/gems/web-console-2.2.1/lib/web_console/templates/style.css.erb within layouts/inlined_string (0.6ms)
  Rendered /Users/Aidy/.rvm/gems/ruby-2.3.0/gems/web-console-2.2.1/lib/web_console/templates/console.js.erb within layouts/javascript (66.7ms)
  Rendered /Users/Aidy/.rvm/gems/ruby-2.3.0/gems/web-console-2.2.1/lib/web_console/templates/main.js.erb within layouts/javascript (0.3ms)
  Rendered /Users/Aidy/.rvm/gems/ruby-2.3.0/gems/web-console-2.2.1/lib/web_console/templates/error_page.js.erb within layouts/javascript (0.5ms)
  Rendered /Users/Aidy/.rvm/gems/ruby-2.3.0/gems/web-console-2.2.1/lib/web_console/templates/index.html.erb (173.0ms)


Started GET "/" for ::1 at 2016-11-17 14:10:44 -0500
  [1m[35mActiveRecord::SchemaMigration Load (0.3ms)[0m  SELECT "schema_migrations".* FROM "schema_migrations"

ActiveRecord::PendingMigrationError (

Migrations are pending. To resolve this issue, run:

	bin/rake db:migrate RAILS_ENV=development

):
  activerecord (4.2.3) lib/active_record/migration.rb:392:in `check_pending!'
  activerecord (4.2.3) lib/active_record/migration.rb:373:in `call'
  actionpack (4.2.3) lib/action_dispatch/middleware/callbacks.rb:29:in `block in call'
  activesupport (4.2.3) lib/active_support/callbacks.rb:84:in `run_callbacks'
  actionpack (4.2.3) lib/action_dispatch/middleware/callbacks.rb:27:in `call'
  actionpack (4.2.3) lib/action_dispatch/middleware/reloader.rb:73:in `call'
  actionpack (4.2.3) lib/action_dispatch/middleware/remote_ip.rb:78:in `call'
  actionpack (4.2.3) lib/action_dispatch/middleware/debug_exceptions.rb:17:in `call'
  web-console (2.2.1) lib/web_console/middleware.rb:39:in `call'
  actionpack (4.2.3) lib/action_dispatch/middleware/show_exceptions.rb:30:in `call'
  railties (4.2.3) lib/rails/rack/logger.rb:38:in `call_app'
  railties (4.2.3) lib/rails/rack/logger.rb:20:in `block in call'
  activesupport (4.2.3) lib/active_support/tagged_logging.rb:68:in `block in tagged'
  activesupport (4.2.3) lib/active_support/tagged_logging.rb:26:in `tagged'
  activesupport (4.2.3) lib/active_support/tagged_logging.rb:68:in `tagged'
  railties (4.2.3) lib/rails/rack/logger.rb:20:in `call'
  actionpack (4.2.3) lib/action_dispatch/middleware/request_id.rb:21:in `call'
  rack (1.6.4) lib/rack/methodoverride.rb:22:in `call'
  rack (1.6.4) lib/rack/runtime.rb:18:in `call'
  activesupport (4.2.3) lib/active_support/cache/strategy/local_cache_middleware.rb:28:in `call'
  rack (1.6.4) lib/rack/lock.rb:17:in `call'
  actionpack (4.2.3) lib/action_dispatch/middleware/static.rb:116:in `call'
  rack (1.6.4) lib/rack/sendfile.rb:113:in `call'
  railties (4.2.3) lib/rails/engine.rb:518:in `call'
  railties (4.2.3) lib/rails/application.rb:165:in `call'
  rack (1.6.4) lib/rack/lock.rb:17:in `call'
  rack (1.6.4) lib/rack/content_length.rb:15:in `call'
  rack (1.6.4) lib/rack/handler/webrick.rb:88:in `service'
  /Users/Aidy/.rvm/rubies/ruby-2.3.0/lib/ruby/2.3.0/webrick/httpserver.rb:140:in `service'
  /Users/Aidy/.rvm/rubies/ruby-2.3.0/lib/ruby/2.3.0/webrick/httpserver.rb:96:in `run'
  /Users/Aidy/.rvm/rubies/ruby-2.3.0/lib/ruby/2.3.0/webrick/server.rb:296:in `block in start_thread'


  Rendered /Users/Aidy/.rvm/gems/ruby-2.3.0/gems/actionpack-4.2.3/lib/action_dispatch/middleware/templates/rescues/_source.erb (2.5ms)
  Rendered /Users/Aidy/.rvm/gems/ruby-2.3.0/gems/actionpack-4.2.3/lib/action_dispatch/middleware/templates/rescues/_trace.html.erb (1.3ms)
  Rendered /Users/Aidy/.rvm/gems/ruby-2.3.0/gems/actionpack-4.2.3/lib/action_dispatch/middleware/templates/rescues/_request_and_response.html.erb (0.8ms)
  Rendered /Users/Aidy/.rvm/gems/ruby-2.3.0/gems/actionpack-4.2.3/lib/action_dispatch/middleware/templates/rescues/diagnostics.html.erb within rescues/layout (56.8ms)
  Rendered /Users/Aidy/.rvm/gems/ruby-2.3.0/gems/web-console-2.2.1/lib/web_console/templates/_markup.html.erb (0.4ms)
  Rendered /Users/Aidy/.rvm/gems/ruby-2.3.0/gems/web-console-2.2.1/lib/web_console/templates/_inner_console_markup.html.erb within layouts/inlined_string (0.3ms)
  Rendered /Users/Aidy/.rvm/gems/ruby-2.3.0/gems/web-console-2.2.1/lib/web_console/templates/_prompt_box_markup.html.erb within layouts/inlined_string (0.3ms)
  Rendered /Users/Aidy/.rvm/gems/ruby-2.3.0/gems/web-console-2.2.1/lib/web_console/templates/style.css.erb within layouts/inlined_string (0.4ms)
  Rendered /Users/Aidy/.rvm/gems/ruby-2.3.0/gems/web-console-2.2.1/lib/web_console/templates/console.js.erb within layouts/javascript (49.4ms)
  Rendered /Users/Aidy/.rvm/gems/ruby-2.3.0/gems/web-console-2.2.1/lib/web_console/templates/main.js.erb within layouts/javascript (0.3ms)
  Rendered /Users/Aidy/.rvm/gems/ruby-2.3.0/gems/web-console-2.2.1/lib/web_console/templates/error_page.js.erb within layouts/javascript (0.7ms)
  Rendered /Users/Aidy/.rvm/gems/ruby-2.3.0/gems/web-console-2.2.1/lib/web_console/templates/index.html.erb (113.7ms)
  [1m[36mActiveRecord::SchemaMigration Load (5.9ms)[0m  [1mSELECT "schema_migrations".* FROM "schema_migrations"[0m
Migrating to DeviseCreateUsers (20151111030905)
  [1m[35m (1.0ms)[0m  BEGIN
  [1m[36m (121.3ms)[0m  [1mCREATE TABLE "users" ("id" serial primary key, "email" character varying DEFAULT '' NOT NULL, "encrypted_password" character varying DEFAULT '' NOT NULL, "reset_password_token" character varying, "reset_password_sent_at" timestamp, "remember_created_at" timestamp, "sign_in_count" integer DEFAULT 0 NOT NULL, "current_sign_in_at" timestamp, "last_sign_in_at" timestamp, "current_sign_in_ip" inet, "last_sign_in_ip" inet, "confirmation_token" character varying, "confirmed_at" timestamp, "confirmation_sent_at" timestamp, "unconfirmed_email" character varying, "skip_confirm_change_password" boolean DEFAULT 'f', "tenant_id" integer, "created_at" timestamp NOT NULL, "updated_at" timestamp NOT NULL) [0m
  [1m[35m (1.1ms)[0m  CREATE UNIQUE INDEX  "index_users_on_email" ON "users"  ("email")
  [1m[36m (0.9ms)[0m  [1mCREATE UNIQUE INDEX  "index_users_on_reset_password_token" ON "users"  ("reset_password_token")[0m
  [1m[35m (2.5ms)[0m  CREATE UNIQUE INDEX  "index_users_on_confirmation_token" ON "users"  ("confirmation_token")
  [1m[36mSQL (0.2ms)[0m  [1mINSERT INTO "schema_migrations" ("version") VALUES ($1) RETURNING "version"[0m  [["version", "20151111030905"]]
  [1m[35m (7.2ms)[0m  COMMIT
Migrating to AddSessionsTable (20151111030911)
  [1m[36m (0.4ms)[0m  [1mBEGIN[0m
DEPRECATION WARNING: `#timestamps` was called without specifying an option for `null`. In Rails 5, this behavior will change to `null: false`. You should manually specify `null: true` to prevent the behavior of your existing migrations from changing. (called from block in change at /Users/Aidy/Desktop/Udemy Ruby/Rails Code/rails_projects/saas-app/db/migrate/20151111030911_add_sessions_table.rb:6)
  [1m[35m (3.1ms)[0m  CREATE TABLE "sessions" ("id" serial primary key, "session_id" character varying NOT NULL, "data" text, "created_at" timestamp, "updated_at" timestamp) 
  [1m[36m (0.8ms)[0m  [1mCREATE UNIQUE INDEX  "index_sessions_on_session_id" ON "sessions"  ("session_id")[0m
  [1m[35m (0.8ms)[0m  CREATE  INDEX  "index_sessions_on_updated_at" ON "sessions"  ("updated_at")
  [1m[36mSQL (0.2ms)[0m  [1mINSERT INTO "schema_migrations" ("version") VALUES ($1) RETURNING "version"[0m  [["version", "20151111030911"]]
  [1m[35m (0.4ms)[0m  COMMIT
Migrating to CreateTenants (20151111030912)
  [1m[36m (0.2ms)[0m  [1mBEGIN[0m
  [1m[35m (8.3ms)[0m  CREATE TABLE "tenants" ("id" serial primary key, "tenant_id" integer, "name" character varying, "created_at" timestamp NOT NULL, "updated_at" timestamp NOT NULL) 
  [1m[36m (0.6ms)[0m  [1mCREATE  INDEX  "index_tenants_on_tenant_id" ON "tenants"  ("tenant_id")[0m
  [1m[35m (25.8ms)[0m  ALTER TABLE "tenants" ADD CONSTRAINT "fk_rails_19e3860bba"
FOREIGN KEY ("tenant_id")
  REFERENCES "tenants" ("id")

  [1m[36m (1.0ms)[0m  [1mCREATE  INDEX  "index_tenants_on_name" ON "tenants"  ("name")[0m
  [1m[35mSQL (0.2ms)[0m  INSERT INTO "schema_migrations" ("version") VALUES ($1) RETURNING "version"  [["version", "20151111030912"]]
  [1m[36m (0.4ms)[0m  [1mCOMMIT[0m
Migrating to CreateTenantsUsersJoinTable (20151111030913)
  [1m[35m (0.2ms)[0m  BEGIN
  [1m[36m (0.8ms)[0m  [1mCREATE TABLE "tenants_users" ("tenant_id" integer NOT NULL, "user_id" integer NOT NULL) [0m
  [1m[35m (1.5ms)[0m  CREATE  INDEX  "index_tenants_users_on_tenant_id_and_user_id" ON "tenants_users"  ("tenant_id", "user_id")
  [1m[36mSQL (0.4ms)[0m  [1mINSERT INTO "schema_migrations" ("version") VALUES ($1) RETURNING "version"[0m  [["version", "20151111030913"]]
  [1m[35m (0.6ms)[0m  COMMIT
Migrating to CreateMembers (20151111030914)
  [1m[36m (0.2ms)[0m  [1mBEGIN[0m
  [1m[35m (5.3ms)[0m  CREATE TABLE "members" ("id" serial primary key, "tenant_id" integer, "user_id" integer, "first_name" character varying, "last_name" character varying, "created_at" timestamp NOT NULL, "updated_at" timestamp NOT NULL) 
  [1m[36m (0.9ms)[0m  [1mCREATE  INDEX  "index_members_on_tenant_id" ON "members"  ("tenant_id")[0m
  [1m[35m (0.9ms)[0m  CREATE  INDEX  "index_members_on_user_id" ON "members"  ("user_id")
  [1m[36m (8.8ms)[0m  [1mALTER TABLE "members" ADD CONSTRAINT "fk_rails_4e4771d44b"
FOREIGN KEY ("tenant_id")
  REFERENCES "tenants" ("id")
[0m
  [1m[35m (11.1ms)[0m  ALTER TABLE "members" ADD CONSTRAINT "fk_rails_2e88fb7ce9"
FOREIGN KEY ("user_id")
  REFERENCES "users" ("id")

  [1m[36mSQL (1.1ms)[0m  [1mINSERT INTO "schema_migrations" ("version") VALUES ($1) RETURNING "version"[0m  [["version", "20151111030914"]]
  [1m[35m (0.6ms)[0m  COMMIT
Migrating to AddPlanToTenants (20151111144620)
  [1m[36m (0.8ms)[0m  [1mBEGIN[0m
  [1m[35m (0.4ms)[0m  ALTER TABLE "tenants" ADD "plan" character varying
  [1m[36mSQL (0.6ms)[0m  [1mINSERT INTO "schema_migrations" ("version") VALUES ($1) RETURNING "version"[0m  [["version", "20151111144620"]]
  [1m[35m (0.6ms)[0m  COMMIT
Migrating to CreateProjects (20151112143138)
  [1m[36m (0.4ms)[0m  [1mBEGIN[0m
  [1m[35m (5.0ms)[0m  CREATE TABLE "projects" ("id" serial primary key, "title" character varying, "details" character varying, "expected_completion_date" date, "tenant_id" integer, "created_at" timestamp NOT NULL, "updated_at" timestamp NOT NULL) 
  [1m[36m (0.9ms)[0m  [1mCREATE  INDEX  "index_projects_on_tenant_id" ON "projects"  ("tenant_id")[0m
  [1m[35m (7.1ms)[0m  ALTER TABLE "projects" ADD CONSTRAINT "fk_rails_c6b5275ea1"
FOREIGN KEY ("tenant_id")
  REFERENCES "tenants" ("id")

  [1m[36mSQL (0.2ms)[0m  [1mINSERT INTO "schema_migrations" ("version") VALUES ($1) RETURNING "version"[0m  [["version", "20151112143138"]]
  [1m[35m (0.4ms)[0m  COMMIT
Migrating to CreateArtifacts (20151112174415)
  [1m[36m (0.4ms)[0m  [1mBEGIN[0m
  [1m[35m (14.0ms)[0m  CREATE TABLE "artifacts" ("id" serial primary key, "name" character varying, "key" character varying, "project_id" integer, "created_at" timestamp NOT NULL, "updated_at" timestamp NOT NULL) 
  [1m[36m (1.1ms)[0m  [1mCREATE  INDEX  "index_artifacts_on_project_id" ON "artifacts"  ("project_id")[0m
  [1m[35m (5.7ms)[0m  ALTER TABLE "artifacts" ADD CONSTRAINT "fk_rails_e377d90c10"
FOREIGN KEY ("project_id")
  REFERENCES "projects" ("id")

  [1m[36mSQL (0.4ms)[0m  [1mINSERT INTO "schema_migrations" ("version") VALUES ($1) RETURNING "version"[0m  [["version", "20151112174415"]]
  [1m[35m (0.9ms)[0m  COMMIT
Migrating to CreatePayments (20151113013428)
  [1m[36m (0.3ms)[0m  [1mBEGIN[0m
  [1m[35m (2.5ms)[0m  CREATE TABLE "payments" ("id" serial primary key, "email" character varying, "token" character varying, "tenant_id" integer, "created_at" timestamp NOT NULL, "updated_at" timestamp NOT NULL) 
  [1m[36m (1.0ms)[0m  [1mCREATE  INDEX  "index_payments_on_tenant_id" ON "payments"  ("tenant_id")[0m
  [1m[35m (4.9ms)[0m  ALTER TABLE "payments" ADD CONSTRAINT "fk_rails_37fe743ccd"
FOREIGN KEY ("tenant_id")
  REFERENCES "tenants" ("id")

  [1m[36mSQL (2.6ms)[0m  [1mINSERT INTO "schema_migrations" ("version") VALUES ($1) RETURNING "version"[0m  [["version", "20151113013428"]]
  [1m[35m (0.4ms)[0m  COMMIT
  [1m[36mActiveRecord::SchemaMigration Load (0.2ms)[0m  [1mSELECT "schema_migrations".* FROM "schema_migrations"[0m
  [1m[35m (2.7ms)[0m  SELECT t2.oid::regclass::text AS to_table, a1.attname AS column, a2.attname AS primary_key, c.conname AS name, c.confupdtype AS on_update, c.confdeltype AS on_delete
FROM pg_constraint c
JOIN pg_class t1 ON c.conrelid = t1.oid
JOIN pg_class t2 ON c.confrelid = t2.oid
JOIN pg_attribute a1 ON a1.attnum = c.conkey[1] AND a1.attrelid = t1.oid
JOIN pg_attribute a2 ON a2.attnum = c.confkey[1] AND a2.attrelid = t2.oid
JOIN pg_namespace t3 ON c.connamespace = t3.oid
WHERE c.contype = 'f'
  AND t1.relname = 'ar_internal_metadata'
  AND t3.nspname = ANY (current_schemas(false))
ORDER BY c.conname

  [1m[36m (1.7ms)[0m  [1mSELECT t2.oid::regclass::text AS to_table, a1.attname AS column, a2.attname AS primary_key, c.conname AS name, c.confupdtype AS on_update, c.confdeltype AS on_delete
FROM pg_constraint c
JOIN pg_class t1 ON c.conrelid = t1.oid
JOIN pg_class t2 ON c.confrelid = t2.oid
JOIN pg_attribute a1 ON a1.attnum = c.conkey[1] AND a1.attrelid = t1.oid
JOIN pg_attribute a2 ON a2.attnum = c.confkey[1] AND a2.attrelid = t2.oid
JOIN pg_namespace t3 ON c.connamespace = t3.oid
WHERE c.contype = 'f'
  AND t1.relname = 'artifacts'
  AND t3.nspname = ANY (current_schemas(false))
ORDER BY c.conname
[0m
  [1m[35m (1.7ms)[0m  SELECT t2.oid::regclass::text AS to_table, a1.attname AS column, a2.attname AS primary_key, c.conname AS name, c.confupdtype AS on_update, c.confdeltype AS on_delete
FROM pg_constraint c
JOIN pg_class t1 ON c.conrelid = t1.oid
JOIN pg_class t2 ON c.confrelid = t2.oid
JOIN pg_attribute a1 ON a1.attnum = c.conkey[1] AND a1.attrelid = t1.oid
JOIN pg_attribute a2 ON a2.attnum = c.confkey[1] AND a2.attrelid = t2.oid
JOIN pg_namespace t3 ON c.connamespace = t3.oid
WHERE c.contype = 'f'
  AND t1.relname = 'members'
  AND t3.nspname = ANY (current_schemas(false))
ORDER BY c.conname

  [1m[36m (1.6ms)[0m  [1mSELECT t2.oid::regclass::text AS to_table, a1.attname AS column, a2.attname AS primary_key, c.conname AS name, c.confupdtype AS on_update, c.confdeltype AS on_delete
FROM pg_constraint c
JOIN pg_class t1 ON c.conrelid = t1.oid
JOIN pg_class t2 ON c.confrelid = t2.oid
JOIN pg_attribute a1 ON a1.attnum = c.conkey[1] AND a1.attrelid = t1.oid
JOIN pg_attribute a2 ON a2.attnum = c.confkey[1] AND a2.attrelid = t2.oid
JOIN pg_namespace t3 ON c.connamespace = t3.oid
WHERE c.contype = 'f'
  AND t1.relname = 'payments'
  AND t3.nspname = ANY (current_schemas(false))
ORDER BY c.conname
[0m
  [1m[35m (2.3ms)[0m  SELECT t2.oid::regclass::text AS to_table, a1.attname AS column, a2.attname AS primary_key, c.conname AS name, c.confupdtype AS on_update, c.confdeltype AS on_delete
FROM pg_constraint c
JOIN pg_class t1 ON c.conrelid = t1.oid
JOIN pg_class t2 ON c.confrelid = t2.oid
JOIN pg_attribute a1 ON a1.attnum = c.conkey[1] AND a1.attrelid = t1.oid
JOIN pg_attribute a2 ON a2.attnum = c.confkey[1] AND a2.attrelid = t2.oid
JOIN pg_namespace t3 ON c.connamespace = t3.oid
WHERE c.contype = 'f'
  AND t1.relname = 'projects'
  AND t3.nspname = ANY (current_schemas(false))
ORDER BY c.conname

  [1m[36m (2.0ms)[0m  [1mSELECT t2.oid::regclass::text AS to_table, a1.attname AS column, a2.attname AS primary_key, c.conname AS name, c.confupdtype AS on_update, c.confdeltype AS on_delete
FROM pg_constraint c
JOIN pg_class t1 ON c.conrelid = t1.oid
JOIN pg_class t2 ON c.confrelid = t2.oid
JOIN pg_attribute a1 ON a1.attnum = c.conkey[1] AND a1.attrelid = t1.oid
JOIN pg_attribute a2 ON a2.attnum = c.confkey[1] AND a2.attrelid = t2.oid
JOIN pg_namespace t3 ON c.connamespace = t3.oid
WHERE c.contype = 'f'
  AND t1.relname = 'sessions'
  AND t3.nspname = ANY (current_schemas(false))
ORDER BY c.conname
[0m
  [1m[35m (3.2ms)[0m  SELECT t2.oid::regclass::text AS to_table, a1.attname AS column, a2.attname AS primary_key, c.conname AS name, c.confupdtype AS on_update, c.confdeltype AS on_delete
FROM pg_constraint c
JOIN pg_class t1 ON c.conrelid = t1.oid
JOIN pg_class t2 ON c.confrelid = t2.oid
JOIN pg_attribute a1 ON a1.attnum = c.conkey[1] AND a1.attrelid = t1.oid
JOIN pg_attribute a2 ON a2.attnum = c.confkey[1] AND a2.attrelid = t2.oid
JOIN pg_namespace t3 ON c.connamespace = t3.oid
WHERE c.contype = 'f'
  AND t1.relname = 'tenants'
  AND t3.nspname = ANY (current_schemas(false))
ORDER BY c.conname

  [1m[36m (3.3ms)[0m  [1mSELECT t2.oid::regclass::text AS to_table, a1.attname AS column, a2.attname AS primary_key, c.conname AS name, c.confupdtype AS on_update, c.confdeltype AS on_delete
FROM pg_constraint c
JOIN pg_class t1 ON c.conrelid = t1.oid
JOIN pg_class t2 ON c.confrelid = t2.oid
JOIN pg_attribute a1 ON a1.attnum = c.conkey[1] AND a1.attrelid = t1.oid
JOIN pg_attribute a2 ON a2.attnum = c.confkey[1] AND a2.attrelid = t2.oid
JOIN pg_namespace t3 ON c.connamespace = t3.oid
WHERE c.contype = 'f'
  AND t1.relname = 'tenants_users'
  AND t3.nspname = ANY (current_schemas(false))
ORDER BY c.conname
[0m
  [1m[35m (1.8ms)[0m  SELECT t2.oid::regclass::text AS to_table, a1.attname AS column, a2.attname AS primary_key, c.conname AS name, c.confupdtype AS on_update, c.confdeltype AS on_delete
FROM pg_constraint c
JOIN pg_class t1 ON c.conrelid = t1.oid
JOIN pg_class t2 ON c.confrelid = t2.oid
JOIN pg_attribute a1 ON a1.attnum = c.conkey[1] AND a1.attrelid = t1.oid
JOIN pg_attribute a2 ON a2.attnum = c.confkey[1] AND a2.attrelid = t2.oid
JOIN pg_namespace t3 ON c.connamespace = t3.oid
WHERE c.contype = 'f'
  AND t1.relname = 'users'
  AND t3.nspname = ANY (current_schemas(false))
ORDER BY c.conname



Started GET "/" for ::1 at 2016-11-17 14:13:07 -0500
  [1m[36mActiveRecord::SchemaMigration Load (4.7ms)[0m  [1mSELECT "schema_migrations".* FROM "schema_migrations"[0m
Processing by HomeController#index as HTML
  Rendered home/index.html.erb within layouts/application (2.1ms)
Completed 200 OK in 3630ms (Views: 3614.9ms | ActiveRecord: 0.0ms)


Started GET "/assets/bootstrap-datepicker3.self-5b184ae3d4fca25edb3723754a4b6da18accc933fa4104f93726fe8964694fc9.css?body=1" for ::1 at 2016-11-17 14:13:11 -0500


Started GET "/assets/twitter-bootstrap-static/bootstrap.self-77d963462a71b85aa6c39f0110994006fed4301154d937da52eb3884ff813853.css?body=1" for ::1 at 2016-11-17 14:13:11 -0500


Started GET "/assets/twitter-bootstrap-static/fontawesome.self-c1a8821f7eb1b195061d7706930814ecc6bd44db4c68f208da5fe14845fa11ea.css?body=1" for ::1 at 2016-11-17 14:13:11 -0500


Started GET "/assets/custom.self-5df9e758d1f1ee3e234f366807ab86062333f0be24b53e7f79fe1516fc1dcfd1.css?body=1" for ::1 at 2016-11-17 14:13:12 -0500


Started GET "/assets/jquery.self-a714331225dda820228db323939889f149aec0127aeb06255646b616ba1ca419.js?body=1" for ::1 at 2016-11-17 14:13:12 -0500


Started GET "/assets/devise_bootstrap_views.self-8377692d1c6464cc14727785d3d65359b3d3db8a2b0c7fba9c3397abda6282c3.css?body=1" for ::1 at 2016-11-17 14:13:12 -0500


Started GET "/assets/jquery_ujs.self-d456baa54c1fa6be2ec3711f0a72ddf7a5b2f34a6b4f515f33767d6207b7d4b3.js?body=1" for ::1 at 2016-11-17 14:13:12 -0500


Started GET "/assets/twitter/bootstrap/transition.self-db278e3a8fa6249c16796b113ebd29e11ef4e2cd021618ed84895d524a4511e0.js?body=1" for ::1 at 2016-11-17 14:13:12 -0500


Started GET "/assets/twitter/bootstrap/alert.self-ebce91ec66c71bcee451ea7da9128fd1bf8faa02c6d22ea04c598423431e4c08.js?body=1" for ::1 at 2016-11-17 14:13:12 -0500


Started GET "/assets/twitter/bootstrap/modal.self-ab1767545e27c0dbd36971e656ae4927171f673e3d932cdec2cbef39e991952b.js?body=1" for ::1 at 2016-11-17 14:13:12 -0500


Started GET "/assets/twitter/bootstrap/dropdown.self-8bb9309b6c24a4ba6b94026a049d25b13bdc0553b6fe83255c14a715ba624cc4.js?body=1" for ::1 at 2016-11-17 14:13:12 -0500


Started GET "/assets/twitter/bootstrap/scrollspy.self-bd0c6724cdc75302fe98dfeff923112b76c1673cf4a0752a7050b7feea15594c.js?body=1" for ::1 at 2016-11-17 14:13:12 -0500


Started GET "/assets/twitter/bootstrap/tab.self-7e3ee4a243bb416b5f0111a0be08f8547c5d72ba71fe4afe4a4a007f5cb4e10e.js?body=1" for ::1 at 2016-11-17 14:13:12 -0500


Started GET "/assets/twitter/bootstrap/tooltip.self-d7f9330825307d053f68da11bb9ddc9b070df72deef3d115f2f3d55f66b17457.js?body=1" for ::1 at 2016-11-17 14:13:12 -0500


Started GET "/assets/twitter/bootstrap/popover.self-cd672ecad3b549e1dbd89bfd044e5812d6fdade56f42d48e3acee0c3f4614526.js?body=1" for ::1 at 2016-11-17 14:13:12 -0500


Started GET "/assets/twitter/bootstrap/button.self-ceb562de883e04359bb2c06f07bdf6ecf065cc8a5027e2e58857c5e91b0b68e3.js?body=1" for ::1 at 2016-11-17 14:13:12 -0500


Started GET "/assets/twitter/bootstrap/collapse.self-a87553101c955a01e2e8c81fad69a16582ddbf58fe95d5eb335dde5567af7647.js?body=1" for ::1 at 2016-11-17 14:13:12 -0500


Started GET "/assets/twitter/bootstrap/carousel.self-5d09995e01b647168888180d40e271f9a6759d68ae7ac029d7026af58813d376.js?body=1" for ::1 at 2016-11-17 14:13:12 -0500


Started GET "/assets/twitter/bootstrap/affix.self-14e04bbe71282aa039322ab93e3a3a886ddede5f59a2f365f7c861f697bbeb21.js?body=1" for ::1 at 2016-11-17 14:13:12 -0500


Started GET "/assets/bootstrap-datepicker/core.self-cd822b9f65a9a2b2b0b769b2644db6b0af910b57414ba107a970e69f8ceb65b6.js?body=1" for ::1 at 2016-11-17 14:13:12 -0500


Started GET "/assets/bootstrap-datepicker/locales/bootstrap-datepicker.ca.self-5b45648d805fd85d75bd7ec1e5b7687e376cb5aa045afedd5b39bed12294b4ad.js?body=1" for ::1 at 2016-11-17 14:13:12 -0500


Started GET "/assets/bootstrap-datepicker/locales/bootstrap-datepicker.de.self-8f102e7f86b9946186833c94b9471b364f3659d66fceafd6e58a5d5be052ba7b.js?body=1" for ::1 at 2016-11-17 14:13:12 -0500


Started GET "/assets/bootstrap-datepicker/locales/bootstrap-datepicker.en-GB.self-38cccea3ac2b2d606d1a126f2ec2ccde034e22fd3f015e8631a50a49b68f0112.js?body=1" for ::1 at 2016-11-17 14:13:12 -0500


Started GET "/assets/bootstrap-datepicker/locales/bootstrap-datepicker.es.self-7b176a0b2abe7ca2c0b539ae98132e78271645757cea7e703f09d72512c4596c.js?body=1" for ::1 at 2016-11-17 14:13:12 -0500


Started GET "/assets/bootstrap-datepicker/locales/bootstrap-datepicker.fr-CH.self-5f23c5db98016569363f57fc9e7c82a26ad7477b5363ed1c9c9a7a963d85e1fb.js?body=1" for ::1 at 2016-11-17 14:13:12 -0500


Started GET "/assets/bootstrap-datepicker/locales/bootstrap-datepicker.fr.self-d84cdfc30a275763b285ebe4102b706374160cf38ef7eadad1415ff85dd6394c.js?body=1" for ::1 at 2016-11-17 14:13:12 -0500


Started GET "/assets/bootstrap-datepicker/locales/bootstrap-datepicker.hy.self-70220bff1ab952b0b3067737b9028ce5c515b4bbe35d11ed19410c5ed409f011.js?body=1" for ::1 at 2016-11-17 14:13:12 -0500


Started GET "/assets/bootstrap-datepicker/locales/bootstrap-datepicker.it.self-56ef8866cfc930293b65c329508bfe558d121cbf8435e33b23e029d61e5a8e88.js?body=1" for ::1 at 2016-11-17 14:13:12 -0500


Started GET "/assets/bootstrap-datepicker/locales/bootstrap-datepicker.kk.self-6c236b50ab3afd171e2d6ea0371416af9cc39ebfdf30c4ce5c05f4b23225ccee.js?body=1" for ::1 at 2016-11-17 14:13:12 -0500


Started GET "/assets/bootstrap-datepicker/locales/bootstrap-datepicker.ko.self-12e2460ea718f37ae021de4e07ec6d4480bd3f68782d7f3f99f5e3dfd632d075.js?body=1" for ::1 at 2016-11-17 14:13:12 -0500


Started GET "/assets/bootstrap-datepicker/locales/bootstrap-datepicker.lt.self-5105be60dc7ceb38f49e3498a04d360410f2e2110cc499275c97b515bcdf1383.js?body=1" for ::1 at 2016-11-17 14:13:12 -0500


Started GET "/assets/bootstrap-datepicker/locales/bootstrap-datepicker.nb.self-23d93b9aa4964b350b9cfee120db8019aa9bcc05504cc4dd160f2c959a2434f2.js?body=1" for ::1 at 2016-11-17 14:13:12 -0500


Started GET "/assets/bootstrap-datepicker/locales/bootstrap-datepicker.nl-BE.self-bfb38de2367de481a0d11431d284ad94299fa29c946e4768950b888c72aff6c6.js?body=1" for ::1 at 2016-11-17 14:13:12 -0500


Started GET "/assets/bootstrap-datepicker/locales/bootstrap-datepicker.nl.self-be4a6c286e7a5fde2d837b5931cc546adb8446a4f0817a576a6eeb6219d81d18.js?body=1" for ::1 at 2016-11-17 14:13:12 -0500


Started GET "/assets/bootstrap-datepicker/locales/bootstrap-datepicker.pt-BR.self-5173a75045dc82ec545ebbe3f328a33a6efeb9c1c2497181726353c163900ab7.js?body=1" for ::1 at 2016-11-17 14:13:12 -0500


Started GET "/assets/bootstrap-datepicker/locales/bootstrap-datepicker.pt.self-f27b7e53b6eb44a91383992a348cac6a6059432f118c835bd0172f94e0e60557.js?body=1" for ::1 at 2016-11-17 14:13:12 -0500


Started GET "/assets/bootstrap-datepicker/locales/bootstrap-datepicker.sk.self-3efc873c11a7475b5d63b3a102e52348fe766ddcf6ddc50b7187b8507de62463.js?body=1" for ::1 at 2016-11-17 14:13:12 -0500


Started GET "/assets/credit_card_form.self-dbe242a49a4225cc483dfa71cb1af7f2fe6e9c8b929a4c2b742eb5a512a0b403.js?body=1" for ::1 at 2016-11-17 14:13:12 -0500


Started GET "/assets/meeting1-e5ac7994fb000781715378a479a24f827f0b8bacc0a6bb6aef72501f0d84b230.png" for ::1 at 2016-11-17 14:13:12 -0500


Started GET "/users/sign_up?plan=premium" for ::1 at 2016-11-17 14:13:14 -0500
Processing by RegistrationsController#new as HTML
  Parameters: {"plan"=>"premium"}
  Rendered devise/shared/_links.html.erb (2.4ms)
  Rendered devise/registrations/new.html.erb within layouts/application (206.3ms)
Completed 200 OK in 783ms (Views: 732.2ms | ActiveRecord: 30.0ms)


Started POST "/users" for ::1 at 2016-11-17 14:13:38 -0500
Processing by RegistrationsController#create as HTML
  Parameters: {"utf8"=>"✓", "authenticity_token"=>"tM7Px4Q8B9ItWLlBYIfzrefRAfiWfle9uZ5hI3wfl/9szcUXXkDrgwiru4w4iAdMD/49tNEXJvYCNy5BtvoZfQ==", "user"=>{"email"=>"ohyes@example.com", "password"=>"[FILTERED]", "password_confirmation"=>"[FILTERED]"}, "tenant"=>{"name"=>"Will Work", "plan"=>"premium"}, "payment"=>{"token"=>"tok_19GvKIJF46IguB2eomNyFQ6g"}}
  [1m[35m (0.1ms)[0m  BEGIN
  [1m[36mTenant Exists (14.0ms)[0m  [1mSELECT  1 AS one FROM "tenants" WHERE "tenants"."name" = 'Will Work' LIMIT 1[0m
  [1m[35mSQL (0.7ms)[0m  INSERT INTO "tenants" ("plan", "name", "created_at", "updated_at") VALUES ($1, $2, $3, $4) RETURNING "id"  [["plan", "premium"], ["name", "Will Work"], ["created_at", "2016-11-17 19:13:38.553493"], ["updated_at", "2016-11-17 19:13:38.553493"]]
  [1m[36mSQL (8.8ms)[0m  [1mINSERT INTO "payments" ("email", "token", "tenant_id", "created_at", "updated_at") VALUES ($1, $2, $3, $4, $5) RETURNING "id"[0m  [["email", "ohyes@example.com"], ["token", "tok_19GvKIJF46IguB2eomNyFQ6g"], ["tenant_id", 1], ["created_at", "2016-11-17 19:13:40.222387"], ["updated_at", "2016-11-17 19:13:40.222387"]]
MILIA >>>>> [change tenant] new: 1	old: %
  [1m[35mUser Exists (2.2ms)[0m  SELECT  1 AS one FROM "users" WHERE "users"."email" = 'ohyes@example.com' LIMIT 1
  [1m[36mUser Load (0.3ms)[0m  [1mSELECT  "users".* FROM "users" WHERE (users.tenant_id IS NULL) AND "users"."confirmation_token" = $1  ORDER BY "users"."id" ASC LIMIT 1[0m  [["confirmation_token", "7622cf75cb717bdf6fef0735e8e8fea049d9274651ed539b4932a180114466e7"]]
  [1m[35mSQL (0.6ms)[0m  INSERT INTO "users" ("email", "encrypted_password", "skip_confirm_change_password", "created_at", "updated_at", "confirmation_token", "confirmation_sent_at") VALUES ($1, $2, $3, $4, $5, $6, $7) RETURNING "id"  [["email", "ohyes@example.com"], ["encrypted_password", "$2a$10$W87Bfb6qebz/ZMypObQeCuunIZxm9KDgrIr/x.zfIrZaIX5gVAdiq"], ["skip_confirm_change_password", "t"], ["created_at", "2016-11-17 19:13:40.318368"], ["updated_at", "2016-11-17 19:13:40.318368"], ["confirmation_token", "H_sY_aYBfGM_aUjsRTeL"], ["confirmation_sent_at", "2016-11-17 19:13:40.614538"]]
  Rendered devise/mailer/confirmation_instructions.html.erb (1.2ms)

Devise::Mailer#confirmation_instructions: processed outbound mail in 516.8ms

Sent mail to ohyes@example.com (20.4ms)
Date: Thu, 17 Nov 2016 14:13:41 -0500
From: do-not-reply@example.com
Reply-To: do-not-reply@example.com
To: ohyes@example.com
Message-ID: <582e01652815c_4dca3fd04af04efc3209b@Ramis-MacBook-Pro.local.mail>
Subject: Confirmation instructions
Mime-Version: 1.0
Content-Type: text/html;
 charset=UTF-8
Content-Transfer-Encoding: 7bit

<p>Welcome ohyes@example.com!</p>

<p>You can confirm your account email through the link below:</p>

<p><a href="http://ruby-on-rails-123170.nitrousapp.com:3000/users/confirmation?confirmation_token=H_sY_aYBfGM_aUjsRTeL&amp;locale=en">Confirm my account</a></p>

  [1m[36mTenant Load (0.2ms)[0m  [1mSELECT  "tenants".* FROM "tenants" WHERE (tenants.tenant_id IS NULL) AND "tenants"."id" = $1 LIMIT 1[0m  [["id", 1]]
  [1m[35mUser Exists (8.3ms)[0m  SELECT  1 AS one FROM "users" INNER JOIN "tenants_users" ON "users"."id" = "tenants_users"."user_id" WHERE (users.tenant_id IS NULL) AND "tenants_users"."tenant_id" = $1 AND "users"."id" = $2 LIMIT 1  [["tenant_id", 1], ["id", 1]]
  [1m[36mSQL (0.3ms)[0m  [1mINSERT INTO "tenants_users" ("tenant_id", "user_id") VALUES ($1, $2)[0m  [["tenant_id", 1], ["user_id", 1]]
MILIA >>>>> [register user/org] devise: signup user success - 
Redirected to http://localhost:3000/
MILIA >>>>> [register user/org] signup user/tenant success - 
  [1m[35mSQL (5.2ms)[0m  INSERT INTO "members" ("first_name", "last_name", "user_id", "tenant_id", "created_at", "updated_at") VALUES ($1, $2, $3, $4, $5, $6) RETURNING "id"  [["first_name", "Admin"], ["last_name", "Please edit me"], ["user_id", 1], ["tenant_id", 1], ["created_at", "2016-11-17 19:13:41.278201"], ["updated_at", "2016-11-17 19:13:41.278201"]]
  [1m[36mMember Load (0.3ms)[0m  [1mSELECT  "members".* FROM "members" WHERE (members.tenant_id = 1) AND "members"."user_id" = $1 LIMIT 1[0m  [["user_id", 1]]
  [1m[35m (2.3ms)[0m  COMMIT
Completed 302 Found in 2925ms (ActiveRecord: 49.6ms)


Started GET "/" for ::1 at 2016-11-17 14:13:41 -0500
Processing by HomeController#index as HTML
  Rendered home/index.html.erb within layouts/application (0.4ms)
Completed 200 OK in 552ms (Views: 551.5ms | ActiveRecord: 0.0ms)


Started GET "/users/sign_up?plan=premium" for ::1 at 2016-11-17 15:17:40 -0500
Processing by RegistrationsController#new as HTML
  Parameters: {"plan"=>"premium"}
  Rendered devise/shared/_links.html.erb (1.4ms)
  Rendered devise/registrations/new.html.erb within layouts/application (7.5ms)
Completed 200 OK in 739ms (Views: 737.4ms | ActiveRecord: 0.0ms)
  [1m[36mActiveRecord::SchemaMigration Load (5.3ms)[0m  [1mSELECT "schema_migrations".* FROM "schema_migrations"[0m
Migrating to AddIsAdminToUsers (20161117205533)
  [1m[35m (0.1ms)[0m  BEGIN
  [1m[36m (57.7ms)[0m  [1mALTER TABLE "users" ADD "is_admin" boolean DEFAULT 'f'[0m
  [1m[35mSQL (0.3ms)[0m  INSERT INTO "schema_migrations" ("version") VALUES ($1) RETURNING "version"  [["version", "20161117205533"]]
  [1m[36m (24.2ms)[0m  [1mCOMMIT[0m
  [1m[35mActiveRecord::SchemaMigration Load (0.2ms)[0m  SELECT "schema_migrations".* FROM "schema_migrations"
  [1m[36m (2.3ms)[0m  [1mSELECT t2.oid::regclass::text AS to_table, a1.attname AS column, a2.attname AS primary_key, c.conname AS name, c.confupdtype AS on_update, c.confdeltype AS on_delete
FROM pg_constraint c
JOIN pg_class t1 ON c.conrelid = t1.oid
JOIN pg_class t2 ON c.confrelid = t2.oid
JOIN pg_attribute a1 ON a1.attnum = c.conkey[1] AND a1.attrelid = t1.oid
JOIN pg_attribute a2 ON a2.attnum = c.confkey[1] AND a2.attrelid = t2.oid
JOIN pg_namespace t3 ON c.connamespace = t3.oid
WHERE c.contype = 'f'
  AND t1.relname = 'ar_internal_metadata'
  AND t3.nspname = ANY (current_schemas(false))
ORDER BY c.conname
[0m
  [1m[35m (2.9ms)[0m  SELECT t2.oid::regclass::text AS to_table, a1.attname AS column, a2.attname AS primary_key, c.conname AS name, c.confupdtype AS on_update, c.confdeltype AS on_delete
FROM pg_constraint c
JOIN pg_class t1 ON c.conrelid = t1.oid
JOIN pg_class t2 ON c.confrelid = t2.oid
JOIN pg_attribute a1 ON a1.attnum = c.conkey[1] AND a1.attrelid = t1.oid
JOIN pg_attribute a2 ON a2.attnum = c.confkey[1] AND a2.attrelid = t2.oid
JOIN pg_namespace t3 ON c.connamespace = t3.oid
WHERE c.contype = 'f'
  AND t1.relname = 'artifacts'
  AND t3.nspname = ANY (current_schemas(false))
ORDER BY c.conname

  [1m[36m (1.7ms)[0m  [1mSELECT t2.oid::regclass::text AS to_table, a1.attname AS column, a2.attname AS primary_key, c.conname AS name, c.confupdtype AS on_update, c.confdeltype AS on_delete
FROM pg_constraint c
JOIN pg_class t1 ON c.conrelid = t1.oid
JOIN pg_class t2 ON c.confrelid = t2.oid
JOIN pg_attribute a1 ON a1.attnum = c.conkey[1] AND a1.attrelid = t1.oid
JOIN pg_attribute a2 ON a2.attnum = c.confkey[1] AND a2.attrelid = t2.oid
JOIN pg_namespace t3 ON c.connamespace = t3.oid
WHERE c.contype = 'f'
  AND t1.relname = 'members'
  AND t3.nspname = ANY (current_schemas(false))
ORDER BY c.conname
[0m
  [1m[35m (1.7ms)[0m  SELECT t2.oid::regclass::text AS to_table, a1.attname AS column, a2.attname AS primary_key, c.conname AS name, c.confupdtype AS on_update, c.confdeltype AS on_delete
FROM pg_constraint c
JOIN pg_class t1 ON c.conrelid = t1.oid
JOIN pg_class t2 ON c.confrelid = t2.oid
JOIN pg_attribute a1 ON a1.attnum = c.conkey[1] AND a1.attrelid = t1.oid
JOIN pg_attribute a2 ON a2.attnum = c.confkey[1] AND a2.attrelid = t2.oid
JOIN pg_namespace t3 ON c.connamespace = t3.oid
WHERE c.contype = 'f'
  AND t1.relname = 'payments'
  AND t3.nspname = ANY (current_schemas(false))
ORDER BY c.conname

  [1m[36m (2.8ms)[0m  [1mSELECT t2.oid::regclass::text AS to_table, a1.attname AS column, a2.attname AS primary_key, c.conname AS name, c.confupdtype AS on_update, c.confdeltype AS on_delete
FROM pg_constraint c
JOIN pg_class t1 ON c.conrelid = t1.oid
JOIN pg_class t2 ON c.confrelid = t2.oid
JOIN pg_attribute a1 ON a1.attnum = c.conkey[1] AND a1.attrelid = t1.oid
JOIN pg_attribute a2 ON a2.attnum = c.confkey[1] AND a2.attrelid = t2.oid
JOIN pg_namespace t3 ON c.connamespace = t3.oid
WHERE c.contype = 'f'
  AND t1.relname = 'projects'
  AND t3.nspname = ANY (current_schemas(false))
ORDER BY c.conname
[0m
  [1m[35m (2.0ms)[0m  SELECT t2.oid::regclass::text AS to_table, a1.attname AS column, a2.attname AS primary_key, c.conname AS name, c.confupdtype AS on_update, c.confdeltype AS on_delete
FROM pg_constraint c
JOIN pg_class t1 ON c.conrelid = t1.oid
JOIN pg_class t2 ON c.confrelid = t2.oid
JOIN pg_attribute a1 ON a1.attnum = c.conkey[1] AND a1.attrelid = t1.oid
JOIN pg_attribute a2 ON a2.attnum = c.confkey[1] AND a2.attrelid = t2.oid
JOIN pg_namespace t3 ON c.connamespace = t3.oid
WHERE c.contype = 'f'
  AND t1.relname = 'sessions'
  AND t3.nspname = ANY (current_schemas(false))
ORDER BY c.conname

  [1m[36m (1.7ms)[0m  [1mSELECT t2.oid::regclass::text AS to_table, a1.attname AS column, a2.attname AS primary_key, c.conname AS name, c.confupdtype AS on_update, c.confdeltype AS on_delete
FROM pg_constraint c
JOIN pg_class t1 ON c.conrelid = t1.oid
JOIN pg_class t2 ON c.confrelid = t2.oid
JOIN pg_attribute a1 ON a1.attnum = c.conkey[1] AND a1.attrelid = t1.oid
JOIN pg_attribute a2 ON a2.attnum = c.confkey[1] AND a2.attrelid = t2.oid
JOIN pg_namespace t3 ON c.connamespace = t3.oid
WHERE c.contype = 'f'
  AND t1.relname = 'tenants'
  AND t3.nspname = ANY (current_schemas(false))
ORDER BY c.conname
[0m
  [1m[35m (2.5ms)[0m  SELECT t2.oid::regclass::text AS to_table, a1.attname AS column, a2.attname AS primary_key, c.conname AS name, c.confupdtype AS on_update, c.confdeltype AS on_delete
FROM pg_constraint c
JOIN pg_class t1 ON c.conrelid = t1.oid
JOIN pg_class t2 ON c.confrelid = t2.oid
JOIN pg_attribute a1 ON a1.attnum = c.conkey[1] AND a1.attrelid = t1.oid
JOIN pg_attribute a2 ON a2.attnum = c.confkey[1] AND a2.attrelid = t2.oid
JOIN pg_namespace t3 ON c.connamespace = t3.oid
WHERE c.contype = 'f'
  AND t1.relname = 'tenants_users'
  AND t3.nspname = ANY (current_schemas(false))
ORDER BY c.conname

  [1m[36m (1.7ms)[0m  [1mSELECT t2.oid::regclass::text AS to_table, a1.attname AS column, a2.attname AS primary_key, c.conname AS name, c.confupdtype AS on_update, c.confdeltype AS on_delete
FROM pg_constraint c
JOIN pg_class t1 ON c.conrelid = t1.oid
JOIN pg_class t2 ON c.confrelid = t2.oid
JOIN pg_attribute a1 ON a1.attnum = c.conkey[1] AND a1.attrelid = t1.oid
JOIN pg_attribute a2 ON a2.attnum = c.confkey[1] AND a2.attrelid = t2.oid
JOIN pg_namespace t3 ON c.connamespace = t3.oid
WHERE c.contype = 'f'
  AND t1.relname = 'users'
  AND t3.nspname = ANY (current_schemas(false))
ORDER BY c.conname
[0m
